<?xml version="1.0" encoding="UTF-8"?>
<!-- Generated by org.testng.reporters.JUnitReportReporter -->
<testsuite hostname="DESKTOP-V8HF4GQ" failures="0" tests="3" name="uip.TestNG2" time="0.006" errors="0" timestamp="2022-04-15T08:08:42 IST" skipped="0">
  <testcase classname="uip.TestNG2" name="test3" time="0.001"/>
  <system-out/>
  <testcase classname="uip.TestNG2" name="test1" time="0.005"/>
  <system-out/>
  <testcase classname="uip.TestNG2" name="test2" time="0.000"/>
  <system-out/>
</testsuite> <!-- uip.TestNG2 -->
